<?xml version="1.0" encoding="UTF-8"?>
<testsuite xmlns:xsi="http://www.w3.org/2001/XMLSchema-instance" xsi:noNamespaceSchemaLocation="https://maven.apache.org/surefire/maven-surefire-plugin/xsd/surefire-test-report-3.0.xsd" version="3.0" name="org.local.WeatherDataProcessor.MainTest" time="4.191" tests="1" errors="0" skipped="0" failures="0">
  <properties>
    <property name="gopherProxySet" value="false"/>
    <property name="awt.toolkit" value="sun.lwawt.macosx.LWCToolkit"/>
    <property name="file.encoding.pkg" value="sun.io"/>
    <property name="java.specification.version" value="1.8"/>
    <property name="sun.cpu.isalist" value=""/>
    <property name="sun.jnu.encoding" value="UTF-8"/>
    <property name="java.class.path" value="/Users/znemati/weatherApp/weatherdata-processor/WeatherDataProcessor/target/test-classes:/Users/znemati/weatherApp/weatherdata-processor/WeatherDataProcessor/target/classes:/Users/znemati/.m2/repository/org/apache/flink/flink-java/1.14.5/flink-java-1.14.5.jar:/Users/znemati/.m2/repository/org/apache/flink/flink-core/1.14.5/flink-core-1.14.5.jar:/Users/znemati/.m2/repository/org/apache/flink/flink-annotations/1.14.5/flink-annotations-1.14.5.jar:/Users/znemati/.m2/repository/org/apache/flink/flink-metrics-core/1.14.5/flink-metrics-core-1.14.5.jar:/Users/znemati/.m2/repository/org/apache/flink/flink-shaded-asm-7/7.1-14.0/flink-shaded-asm-7-7.1-14.0.jar:/Users/znemati/.m2/repository/com/esotericsoftware/kryo/kryo/2.24.0/kryo-2.24.0.jar:/Users/znemati/.m2/repository/com/esotericsoftware/minlog/minlog/1.2/minlog-1.2.jar:/Users/znemati/.m2/repository/org/objenesis/objenesis/2.1/objenesis-2.1.jar:/Users/znemati/.m2/repository/commons-collections/commons-collections/3.2.2/commons-collections-3.2.2.jar:/Users/znemati/.m2/repository/org/apache/commons/commons-compress/1.21/commons-compress-1.21.jar:/Users/znemati/.m2/repository/org/apache/commons/commons-lang3/3.3.2/commons-lang3-3.3.2.jar:/Users/znemati/.m2/repository/org/apache/commons/commons-math3/3.5/commons-math3-3.5.jar:/Users/znemati/.m2/repository/org/slf4j/slf4j-api/1.7.15/slf4j-api-1.7.15.jar:/Users/znemati/.m2/repository/com/google/code/findbugs/jsr305/1.3.9/jsr305-1.3.9.jar:/Users/znemati/.m2/repository/org/apache/flink/flink-shaded-force-shading/14.0/flink-shaded-force-shading-14.0.jar:/Users/znemati/.m2/repository/com/fasterxml/jackson/core/jackson-databind/2.16.0/jackson-databind-2.16.0.jar:/Users/znemati/.m2/repository/com/fasterxml/jackson/core/jackson-annotations/2.16.0/jackson-annotations-2.16.0.jar:/Users/znemati/.m2/repository/com/fasterxml/jackson/core/jackson-core/2.16.0/jackson-core-2.16.0.jar:/Users/znemati/.m2/repository/org/apache/flink/flink-connector-cassandra_2.11/1.14.5/flink-connector-cassandra_2.11-1.14.5.jar:/Users/znemati/.m2/repository/io/dropwizard/metrics/metrics-core/3.1.2/metrics-core-3.1.2.jar:/Users/znemati/.m2/repository/org/apache/flink/flink-streaming-scala_2.11/1.14.5/flink-streaming-scala_2.11-1.14.5.jar:/Users/znemati/.m2/repository/org/apache/flink/flink-scala_2.11/1.14.5/flink-scala_2.11-1.14.5.jar:/Users/znemati/.m2/repository/com/twitter/chill_2.11/0.7.6/chill_2.11-0.7.6.jar:/Users/znemati/.m2/repository/com/twitter/chill-java/0.7.6/chill-java-0.7.6.jar:/Users/znemati/.m2/repository/org/scala-lang/scala-reflect/2.11.12/scala-reflect-2.11.12.jar:/Users/znemati/.m2/repository/org/scala-lang/scala-library/2.11.12/scala-library-2.11.12.jar:/Users/znemati/.m2/repository/org/scala-lang/scala-compiler/2.11.12/scala-compiler-2.11.12.jar:/Users/znemati/.m2/repository/org/scala-lang/modules/scala-xml_2.11/1.0.5/scala-xml_2.11-1.0.5.jar:/Users/znemati/.m2/repository/org/scala-lang/modules/scala-parser-combinators_2.11/1.0.4/scala-parser-combinators_2.11-1.0.4.jar:/Users/znemati/.m2/repository/org/apache/flink/flink-connector-files/1.14.5/flink-connector-files-1.14.5.jar:/Users/znemati/.m2/repository/org/apache/flink/flink-file-sink-common/1.14.5/flink-file-sink-common-1.14.5.jar:/Users/znemati/.m2/repository/org/apache/flink/flink-connector-base/1.14.5/flink-connector-base-1.14.5.jar:/Users/znemati/.m2/repository/org/apache/flink/flink-streaming-java_2.11/1.14.5/flink-streaming-java_2.11-1.14.5.jar:/Users/znemati/.m2/repository/org/apache/flink/flink-runtime/1.14.5/flink-runtime-1.14.5.jar:/Users/znemati/.m2/repository/org/apache/flink/flink-rpc-core/1.14.5/flink-rpc-core-1.14.5.jar:/Users/znemati/.m2/repository/org/apache/flink/flink-rpc-akka-loader/1.14.5/flink-rpc-akka-loader-1.14.5.jar:/Users/znemati/.m2/repository/org/apache/flink/flink-queryable-state-client-java/1.14.5/flink-queryable-state-client-java-1.14.5.jar:/Users/znemati/.m2/repository/org/apache/flink/flink-hadoop-fs/1.14.5/flink-hadoop-fs-1.14.5.jar:/Users/znemati/.m2/repository/commons-io/commons-io/2.8.0/commons-io-2.8.0.jar:/Users/znemati/.m2/repository/org/apache/flink/flink-shaded-netty/4.1.65.Final-14.0/flink-shaded-netty-4.1.65.Final-14.0.jar:/Users/znemati/.m2/repository/org/apache/flink/flink-shaded-jackson/2.12.4-14.0/flink-shaded-jackson-2.12.4-14.0.jar:/Users/znemati/.m2/repository/org/apache/flink/flink-shaded-zookeeper-3/3.4.14-14.0/flink-shaded-zookeeper-3-3.4.14-14.0.jar:/Users/znemati/.m2/repository/commons-cli/commons-cli/1.3.1/commons-cli-1.3.1.jar:/Users/znemati/.m2/repository/org/javassist/javassist/3.24.0-GA/javassist-3.24.0-GA.jar:/Users/znemati/.m2/repository/org/xerial/snappy/snappy-java/1.1.8.3/snappy-java-1.1.8.3.jar:/Users/znemati/.m2/repository/org/lz4/lz4-java/1.8.0/lz4-java-1.8.0.jar:/Users/znemati/.m2/repository/org/apache/flink/flink-shaded-guava/30.1.1-jre-14.0/flink-shaded-guava-30.1.1-jre-14.0.jar:/Users/znemati/.m2/repository/org/projectlombok/lombok/1.18.22/lombok-1.18.22.jar:/Users/znemati/.m2/repository/junit/junit/4.13.2/junit-4.13.2.jar:/Users/znemati/.m2/repository/org/hamcrest/hamcrest-core/1.3/hamcrest-core-1.3.jar:/Users/znemati/.m2/repository/org/apache/flink/flink-connector-kafka_2.11/1.14.5/flink-connector-kafka_2.11-1.14.5.jar:/Users/znemati/.m2/repository/org/apache/kafka/kafka-clients/2.4.1/kafka-clients-2.4.1.jar:/Users/znemati/.m2/repository/com/github/luben/zstd-jni/1.4.3-1/zstd-jni-1.4.3-1.jar:/Users/znemati/.m2/repository/org/assertj/assertj-core/3.20.2/assertj-core-3.20.2.jar:/Users/znemati/.m2/repository/org/apache/flink/flink-test-utils_2.11/1.14.0/flink-test-utils_2.11-1.14.0.jar:/Users/znemati/.m2/repository/org/apache/flink/flink-test-utils-junit/1.14.0/flink-test-utils-junit-1.14.0.jar:/Users/znemati/.m2/repository/org/junit/vintage/junit-vintage-engine/5.7.2/junit-vintage-engine-5.7.2.jar:/Users/znemati/.m2/repository/org/apiguardian/apiguardian-api/1.1.0/apiguardian-api-1.1.0.jar:/Users/znemati/.m2/repository/org/junit/platform/junit-platform-engine/1.7.2/junit-platform-engine-1.7.2.jar:/Users/znemati/.m2/repository/org/apache/logging/log4j/log4j-slf4j-impl/2.14.1/log4j-slf4j-impl-2.14.1.jar:/Users/znemati/.m2/repository/org/apache/logging/log4j/log4j-api/2.14.1/log4j-api-2.14.1.jar:/Users/znemati/.m2/repository/org/apache/logging/log4j/log4j-core/2.14.1/log4j-core-2.14.1.jar:/Users/znemati/.m2/repository/org/apache/flink/flink-runtime/1.14.0/flink-runtime-1.14.0-tests.jar:/Users/znemati/.m2/repository/org/apache/flink/flink-clients_2.11/1.14.0/flink-clients_2.11-1.14.0.jar:/Users/znemati/.m2/repository/org/apache/flink/flink-optimizer/1.14.0/flink-optimizer-1.14.0.jar:/Users/znemati/.m2/repository/org/junit/jupiter/junit-jupiter/5.7.2/junit-jupiter-5.7.2.jar:/Users/znemati/.m2/repository/org/junit/jupiter/junit-jupiter-api/5.7.2/junit-jupiter-api-5.7.2.jar:/Users/znemati/.m2/repository/org/opentest4j/opentest4j/1.2.0/opentest4j-1.2.0.jar:/Users/znemati/.m2/repository/org/junit/platform/junit-platform-commons/1.7.2/junit-platform-commons-1.7.2.jar:/Users/znemati/.m2/repository/org/junit/jupiter/junit-jupiter-params/5.7.2/junit-jupiter-params-5.7.2.jar:/Users/znemati/.m2/repository/org/junit/jupiter/junit-jupiter-engine/5.7.2/junit-jupiter-engine-5.7.2.jar:/Users/znemati/.m2/repository/org/apache/curator/curator-test/2.12.0/curator-test-2.12.0.jar:/Users/znemati/.m2/repository/org/apache/zookeeper/zookeeper/3.4.8/zookeeper-3.4.8.jar:/Users/znemati/.m2/repository/log4j/log4j/1.2.16/log4j-1.2.16.jar:/Users/znemati/.m2/repository/jline/jline/0.9.94/jline-0.9.94.jar:/Users/znemati/.m2/repository/io/netty/netty/3.7.0.Final/netty-3.7.0.Final.jar:/Users/znemati/.m2/repository/com/google/guava/guava/16.0.1/guava-16.0.1.jar:/Users/znemati/.m2/repository/org/apache/flink/flink-statebackend-changelog/1.14.0/flink-statebackend-changelog-1.14.0.jar:"/>
    <property name="java.vm.vendor" value="Azul Systems, Inc."/>
    <property name="sun.arch.data.model" value="64"/>
    <property name="java.vendor.url" value="http://www.azul.com/"/>
    <property name="user.timezone" value="Europe/Amsterdam"/>
    <property name="java.vm.specification.version" value="1.8"/>
    <property name="os.name" value="Mac OS X"/>
    <property name="user.country" value="NL"/>
    <property name="sun.java.launcher" value="SUN_STANDARD"/>
    <property name="sun.boot.library.path" value="/Library/Java/JavaVirtualMachines/zulu-8.jdk/Contents/Home/jre/lib"/>
    <property name="sun.java.command" value="/Users/znemati/weatherApp/weatherdata-processor/WeatherDataProcessor/target/surefire/surefirebooter-20231123165423021_3.jar /Users/znemati/weatherApp/weatherdata-processor/WeatherDataProcessor/target/surefire 2023-11-23T16-54-22_673-jvmRun1 surefire-20231123165423021_1tmp surefire_0-20231123165423021_2tmp"/>
    <property name="surefire.test.class.path" value="/Users/znemati/weatherApp/weatherdata-processor/WeatherDataProcessor/target/test-classes:/Users/znemati/weatherApp/weatherdata-processor/WeatherDataProcessor/target/classes:/Users/znemati/.m2/repository/org/apache/flink/flink-java/1.14.5/flink-java-1.14.5.jar:/Users/znemati/.m2/repository/org/apache/flink/flink-core/1.14.5/flink-core-1.14.5.jar:/Users/znemati/.m2/repository/org/apache/flink/flink-annotations/1.14.5/flink-annotations-1.14.5.jar:/Users/znemati/.m2/repository/org/apache/flink/flink-metrics-core/1.14.5/flink-metrics-core-1.14.5.jar:/Users/znemati/.m2/repository/org/apache/flink/flink-shaded-asm-7/7.1-14.0/flink-shaded-asm-7-7.1-14.0.jar:/Users/znemati/.m2/repository/com/esotericsoftware/kryo/kryo/2.24.0/kryo-2.24.0.jar:/Users/znemati/.m2/repository/com/esotericsoftware/minlog/minlog/1.2/minlog-1.2.jar:/Users/znemati/.m2/repository/org/objenesis/objenesis/2.1/objenesis-2.1.jar:/Users/znemati/.m2/repository/commons-collections/commons-collections/3.2.2/commons-collections-3.2.2.jar:/Users/znemati/.m2/repository/org/apache/commons/commons-compress/1.21/commons-compress-1.21.jar:/Users/znemati/.m2/repository/org/apache/commons/commons-lang3/3.3.2/commons-lang3-3.3.2.jar:/Users/znemati/.m2/repository/org/apache/commons/commons-math3/3.5/commons-math3-3.5.jar:/Users/znemati/.m2/repository/org/slf4j/slf4j-api/1.7.15/slf4j-api-1.7.15.jar:/Users/znemati/.m2/repository/com/google/code/findbugs/jsr305/1.3.9/jsr305-1.3.9.jar:/Users/znemati/.m2/repository/org/apache/flink/flink-shaded-force-shading/14.0/flink-shaded-force-shading-14.0.jar:/Users/znemati/.m2/repository/com/fasterxml/jackson/core/jackson-databind/2.16.0/jackson-databind-2.16.0.jar:/Users/znemati/.m2/repository/com/fasterxml/jackson/core/jackson-annotations/2.16.0/jackson-annotations-2.16.0.jar:/Users/znemati/.m2/repository/com/fasterxml/jackson/core/jackson-core/2.16.0/jackson-core-2.16.0.jar:/Users/znemati/.m2/repository/org/apache/flink/flink-connector-cassandra_2.11/1.14.5/flink-connector-cassandra_2.11-1.14.5.jar:/Users/znemati/.m2/repository/io/dropwizard/metrics/metrics-core/3.1.2/metrics-core-3.1.2.jar:/Users/znemati/.m2/repository/org/apache/flink/flink-streaming-scala_2.11/1.14.5/flink-streaming-scala_2.11-1.14.5.jar:/Users/znemati/.m2/repository/org/apache/flink/flink-scala_2.11/1.14.5/flink-scala_2.11-1.14.5.jar:/Users/znemati/.m2/repository/com/twitter/chill_2.11/0.7.6/chill_2.11-0.7.6.jar:/Users/znemati/.m2/repository/com/twitter/chill-java/0.7.6/chill-java-0.7.6.jar:/Users/znemati/.m2/repository/org/scala-lang/scala-reflect/2.11.12/scala-reflect-2.11.12.jar:/Users/znemati/.m2/repository/org/scala-lang/scala-library/2.11.12/scala-library-2.11.12.jar:/Users/znemati/.m2/repository/org/scala-lang/scala-compiler/2.11.12/scala-compiler-2.11.12.jar:/Users/znemati/.m2/repository/org/scala-lang/modules/scala-xml_2.11/1.0.5/scala-xml_2.11-1.0.5.jar:/Users/znemati/.m2/repository/org/scala-lang/modules/scala-parser-combinators_2.11/1.0.4/scala-parser-combinators_2.11-1.0.4.jar:/Users/znemati/.m2/repository/org/apache/flink/flink-connector-files/1.14.5/flink-connector-files-1.14.5.jar:/Users/znemati/.m2/repository/org/apache/flink/flink-file-sink-common/1.14.5/flink-file-sink-common-1.14.5.jar:/Users/znemati/.m2/repository/org/apache/flink/flink-connector-base/1.14.5/flink-connector-base-1.14.5.jar:/Users/znemati/.m2/repository/org/apache/flink/flink-streaming-java_2.11/1.14.5/flink-streaming-java_2.11-1.14.5.jar:/Users/znemati/.m2/repository/org/apache/flink/flink-runtime/1.14.5/flink-runtime-1.14.5.jar:/Users/znemati/.m2/repository/org/apache/flink/flink-rpc-core/1.14.5/flink-rpc-core-1.14.5.jar:/Users/znemati/.m2/repository/org/apache/flink/flink-rpc-akka-loader/1.14.5/flink-rpc-akka-loader-1.14.5.jar:/Users/znemati/.m2/repository/org/apache/flink/flink-queryable-state-client-java/1.14.5/flink-queryable-state-client-java-1.14.5.jar:/Users/znemati/.m2/repository/org/apache/flink/flink-hadoop-fs/1.14.5/flink-hadoop-fs-1.14.5.jar:/Users/znemati/.m2/repository/commons-io/commons-io/2.8.0/commons-io-2.8.0.jar:/Users/znemati/.m2/repository/org/apache/flink/flink-shaded-netty/4.1.65.Final-14.0/flink-shaded-netty-4.1.65.Final-14.0.jar:/Users/znemati/.m2/repository/org/apache/flink/flink-shaded-jackson/2.12.4-14.0/flink-shaded-jackson-2.12.4-14.0.jar:/Users/znemati/.m2/repository/org/apache/flink/flink-shaded-zookeeper-3/3.4.14-14.0/flink-shaded-zookeeper-3-3.4.14-14.0.jar:/Users/znemati/.m2/repository/commons-cli/commons-cli/1.3.1/commons-cli-1.3.1.jar:/Users/znemati/.m2/repository/org/javassist/javassist/3.24.0-GA/javassist-3.24.0-GA.jar:/Users/znemati/.m2/repository/org/xerial/snappy/snappy-java/1.1.8.3/snappy-java-1.1.8.3.jar:/Users/znemati/.m2/repository/org/lz4/lz4-java/1.8.0/lz4-java-1.8.0.jar:/Users/znemati/.m2/repository/org/apache/flink/flink-shaded-guava/30.1.1-jre-14.0/flink-shaded-guava-30.1.1-jre-14.0.jar:/Users/znemati/.m2/repository/org/projectlombok/lombok/1.18.22/lombok-1.18.22.jar:/Users/znemati/.m2/repository/junit/junit/4.13.2/junit-4.13.2.jar:/Users/znemati/.m2/repository/org/hamcrest/hamcrest-core/1.3/hamcrest-core-1.3.jar:/Users/znemati/.m2/repository/org/apache/flink/flink-connector-kafka_2.11/1.14.5/flink-connector-kafka_2.11-1.14.5.jar:/Users/znemati/.m2/repository/org/apache/kafka/kafka-clients/2.4.1/kafka-clients-2.4.1.jar:/Users/znemati/.m2/repository/com/github/luben/zstd-jni/1.4.3-1/zstd-jni-1.4.3-1.jar:/Users/znemati/.m2/repository/org/assertj/assertj-core/3.20.2/assertj-core-3.20.2.jar:/Users/znemati/.m2/repository/org/apache/flink/flink-test-utils_2.11/1.14.0/flink-test-utils_2.11-1.14.0.jar:/Users/znemati/.m2/repository/org/apache/flink/flink-test-utils-junit/1.14.0/flink-test-utils-junit-1.14.0.jar:/Users/znemati/.m2/repository/org/junit/vintage/junit-vintage-engine/5.7.2/junit-vintage-engine-5.7.2.jar:/Users/znemati/.m2/repository/org/apiguardian/apiguardian-api/1.1.0/apiguardian-api-1.1.0.jar:/Users/znemati/.m2/repository/org/junit/platform/junit-platform-engine/1.7.2/junit-platform-engine-1.7.2.jar:/Users/znemati/.m2/repository/org/apache/logging/log4j/log4j-slf4j-impl/2.14.1/log4j-slf4j-impl-2.14.1.jar:/Users/znemati/.m2/repository/org/apache/logging/log4j/log4j-api/2.14.1/log4j-api-2.14.1.jar:/Users/znemati/.m2/repository/org/apache/logging/log4j/log4j-core/2.14.1/log4j-core-2.14.1.jar:/Users/znemati/.m2/repository/org/apache/flink/flink-runtime/1.14.0/flink-runtime-1.14.0-tests.jar:/Users/znemati/.m2/repository/org/apache/flink/flink-clients_2.11/1.14.0/flink-clients_2.11-1.14.0.jar:/Users/znemati/.m2/repository/org/apache/flink/flink-optimizer/1.14.0/flink-optimizer-1.14.0.jar:/Users/znemati/.m2/repository/org/junit/jupiter/junit-jupiter/5.7.2/junit-jupiter-5.7.2.jar:/Users/znemati/.m2/repository/org/junit/jupiter/junit-jupiter-api/5.7.2/junit-jupiter-api-5.7.2.jar:/Users/znemati/.m2/repository/org/opentest4j/opentest4j/1.2.0/opentest4j-1.2.0.jar:/Users/znemati/.m2/repository/org/junit/platform/junit-platform-commons/1.7.2/junit-platform-commons-1.7.2.jar:/Users/znemati/.m2/repository/org/junit/jupiter/junit-jupiter-params/5.7.2/junit-jupiter-params-5.7.2.jar:/Users/znemati/.m2/repository/org/junit/jupiter/junit-jupiter-engine/5.7.2/junit-jupiter-engine-5.7.2.jar:/Users/znemati/.m2/repository/org/apache/curator/curator-test/2.12.0/curator-test-2.12.0.jar:/Users/znemati/.m2/repository/org/apache/zookeeper/zookeeper/3.4.8/zookeeper-3.4.8.jar:/Users/znemati/.m2/repository/log4j/log4j/1.2.16/log4j-1.2.16.jar:/Users/znemati/.m2/repository/jline/jline/0.9.94/jline-0.9.94.jar:/Users/znemati/.m2/repository/io/netty/netty/3.7.0.Final/netty-3.7.0.Final.jar:/Users/znemati/.m2/repository/com/google/guava/guava/16.0.1/guava-16.0.1.jar:/Users/znemati/.m2/repository/org/apache/flink/flink-statebackend-changelog/1.14.0/flink-statebackend-changelog-1.14.0.jar:"/>
    <property name="sun.cpu.endian" value="little"/>
    <property name="user.home" value="/Users/znemati"/>
    <property name="user.language" value="en"/>
    <property name="java.specification.vendor" value="Oracle Corporation"/>
    <property name="java.home" value="/Library/Java/JavaVirtualMachines/zulu-8.jdk/Contents/Home/jre"/>
    <property name="basedir" value="/Users/znemati/weatherApp/weatherdata-processor/WeatherDataProcessor"/>
    <property name="file.separator" value="/"/>
    <property name="line.separator" value="&#10;"/>
    <property name="jdk.vendor.version" value="Zulu 8.74.0.17-CA-macosx"/>
    <property name="java.vm.specification.vendor" value="Oracle Corporation"/>
    <property name="java.specification.name" value="Java Platform API Specification"/>
    <property name="java.awt.graphicsenv" value="sun.awt.CGraphicsEnvironment"/>
    <property name="surefire.real.class.path" value="/Users/znemati/weatherApp/weatherdata-processor/WeatherDataProcessor/target/surefire/surefirebooter-20231123165423021_3.jar"/>
    <property name="sun.boot.class.path" value="/Library/Java/JavaVirtualMachines/zulu-8.jdk/Contents/Home/jre/lib/resources.jar:/Library/Java/JavaVirtualMachines/zulu-8.jdk/Contents/Home/jre/lib/rt.jar:/Library/Java/JavaVirtualMachines/zulu-8.jdk/Contents/Home/jre/lib/sunrsasign.jar:/Library/Java/JavaVirtualMachines/zulu-8.jdk/Contents/Home/jre/lib/jsse.jar:/Library/Java/JavaVirtualMachines/zulu-8.jdk/Contents/Home/jre/lib/jce.jar:/Library/Java/JavaVirtualMachines/zulu-8.jdk/Contents/Home/jre/lib/charsets.jar:/Library/Java/JavaVirtualMachines/zulu-8.jdk/Contents/Home/jre/lib/jfr.jar:/Library/Java/JavaVirtualMachines/zulu-8.jdk/Contents/Home/jre/lib/cat.jar:/Library/Java/JavaVirtualMachines/zulu-8.jdk/Contents/Home/jre/classes"/>
    <property name="sun.management.compiler" value="HotSpot 64-Bit Tiered Compilers"/>
    <property name="java.runtime.version" value="1.8.0_392-b08"/>
    <property name="user.name" value="znemati"/>
    <property name="path.separator" value=":"/>
    <property name="os.version" value="14.1.1"/>
    <property name="java.endorsed.dirs" value="/Library/Java/JavaVirtualMachines/zulu-8.jdk/Contents/Home/jre/lib/endorsed"/>
    <property name="java.runtime.name" value="OpenJDK Runtime Environment"/>
    <property name="file.encoding" value="US-ASCII"/>
    <property name="sun.nio.ch.bugLevel" value=""/>
    <property name="java.vm.name" value="OpenJDK 64-Bit Server VM"/>
    <property name="localRepository" value="/Users/znemati/.m2/repository"/>
    <property name="java.vendor.url.bug" value="http://www.azul.com/support/"/>
    <property name="java.io.tmpdir" value="/var/folders/yx/pn2ggy115ysfccw17glhmp3r0000gp/T/"/>
    <property name="idea.version" value="2023.2.4"/>
    <property name="java.version" value="1.8.0_392"/>
    <property name="user.dir" value="/Users/znemati/weatherApp/weatherdata-processor/WeatherDataProcessor"/>
    <property name="os.arch" value="x86_64"/>
    <property name="java.vm.specification.name" value="Java Virtual Machine Specification"/>
    <property name="java.awt.printerjob" value="sun.lwawt.macosx.CPrinterJob"/>
    <property name="sun.os.patch.level" value="unknown"/>
    <property name="java.library.path" value="/Users/znemati/Library/Java/Extensions:/Library/Java/Extensions:/Network/Library/Java/Extensions:/System/Library/Java/Extensions:/usr/lib/java:."/>
    <property name="java.vm.info" value="mixed mode"/>
    <property name="java.vendor" value="Azul Systems, Inc."/>
    <property name="java.vm.version" value="25.392-b08"/>
    <property name="java.specification.maintenance.version" value="5"/>
    <property name="java.ext.dirs" value="/Users/znemati/Library/Java/Extensions:/Library/Java/JavaVirtualMachines/zulu-8.jdk/Contents/Home/jre/lib/ext:/Library/Java/Extensions:/Network/Library/Java/Extensions:/System/Library/Java/Extensions:/usr/lib/java"/>
    <property name="sun.io.unicode.encoding" value="UnicodeBig"/>
    <property name="java.class.version" value="52.0"/>
  </properties>
  <testcase name="testWeatherDataProcessing" classname="org.local.WeatherDataProcessor.MainTest" time="1.31"/>
</testsuite>